USERNAME
------------------------------
CMS_FOS_PVSS_COND_R
CMS_FOS_PVSS_COND_W
CMS_FOS_R
CMS_FRONTIER_MODS
CMS_GAS_PVSS_COND
CMS_GAS_PVSS_COND_R
CMS_GAS_PVSS_COND_W
CMS_GCT
CMS_GCT_MON
CMS_GEM_APPUSER_ADMIN
CMS_GEM_APPUSER_R
CMS_GEM_RS
CMS_GEM_RS_R
CMS_GEM_RS_W

USERNAME
------------------------------
CMS_GEM_APPUSER_W
CMS_GEM_CORE_ATTRIBUTE
CMS_GEM_CORE_COND
CMS_GEM_CORE_CONSTRUCT
CMS_GEM_CORE_IOV_MGMNT
CMS_GEM_CORE_MANAGEMNT
CMS_GEM_MUON_COND
CMS_GEM_MUON_CONSTRUCT
CMS_GEM_MUON_VIEW
CMS_GEM_PRTTYPE_MUON_ADMIN
CMS_GEM_PRTTYPE_MUON_READER
CMS_GEM_RS
CMS_GEM_RS_R
CMS_GEM_RS_W

USERNAME
------------------------------
CMS_GEM_PRTTYPE_MUON_WRITER
CMS_GEM_PVSS_COND
CMS_GEM_PVSS_COND_R
CMS_GEM_PVSS_COND_W
CMS_GEM_PVSS_CONF
CMS_GEM_PVSS_CONF_R
CMS_GEM_PVSS_CONF_W
CMS_GEM_RS
CMS_GEM_RS_R
CMS_GEM_RS_W
CMS_GEM_RUNINFO
